<html>
<head>
<title>TestNG:  Default test</title>
<link href="../testng.css" rel="stylesheet" type="text/css" />
<link href="../my-testng.css" rel="stylesheet" type="text/css" />

<style type="text/css">
.log { display: none;} 
.stack-trace { display: none;} 
</style>
<script type="text/javascript">
<!--
function flip(e) {
  current = e.style.display;
  if (current == 'block') {
    e.style.display = 'none';
    return 0;
  }
  else {
    e.style.display = 'block';
    return 1;
  }
}

function toggleBox(szDivId, elem, msg1, msg2)
{
  var res = -1;  if (document.getElementById) {
    res = flip(document.getElementById(szDivId));
  }
  else if (document.all) {
    // this is the way old msie versions work
    res = flip(document.all[szDivId]);
  }
  if(elem) {
    if(res == 0) elem.innerHTML = msg1; else elem.innerHTML = msg2;
  }

}

function toggleAllBoxes() {
  if (document.getElementsByTagName) {
    d = document.getElementsByTagName('div');
    for (i = 0; i < d.length; i++) {
      if (d[i].className == 'log') {
        flip(d[i]);
      }
    }
  }
}

// -->
</script>

</head>
<body>
<h2 align='center'>Default test</h2><table border='1' align="center">
<tr>
<td>Tests passed/Failed/Skipped:</td><td>11/3/0</td>
</tr><tr>
<td>Started on:</td><td>Thu Apr 11 17:14:43 IST 2024</td>
</tr>
<tr><td>Total time:</td><td>397 seconds (397879 ms)</td>
</tr><tr>
<td>Included groups:</td><td></td>
</tr><tr>
<td>Excluded groups:</td><td></td>
</tr>
</table><p/>
<small><i>(Hover the method name to see the test class name)</i></small><p/>
<table width='100%' border='1' class='invocation-failed'>
<tr><td colspan='4' align='center'><b>FAILED TESTS</b></td></tr>
<tr><td><b>Test method</b></td>
<td><b>Attribute(s)</b></td>
<td width="30%"><b>Exception</b></td>
<td width="10%"><b>Time (seconds)</b></td>
<td><b>Instance</b></td>
</tr>
<tr>
<td title='testRunner.TestngTestRunner.runScenario()'><b>runScenario</b><br>Test class: testRunner.TestngTestRunner<br>Test method: Runs Cucumber Scenarios<br>Parameters: "User want to see employee reports", "Timesheet"</td>
<td><div><pre>org.openqa.selenium.NoSuchElementException: no such element: Unable to locate element: {&quot;method&quot;:&quot;xpath&quot;,&quot;selector&quot;:&quot;//p[@class=&apos;oxd-text oxd-text--p oxd-text--toast-message oxd-toast-content-text&apos;]&quot;}
  (Session info: chrome=123.0.6312.107)
For documentation on this error, please visit: https://selenium.dev/exceptions/#no_such_element
Build info: version: &apos;4.8.2&apos;, revision: &apos;826dbfc730&apos;
System info: os.name: &apos;Windows 10&apos;, os.arch: &apos;amd64&apos;, os.version: &apos;10.0&apos;, java.version: &apos;21.0.2&apos;
Driver info: org.openqa.selenium.chrome.ChromeDriver
Command: [86b2c17a53a3c6612805fa0d1dac3c45, findElement {using=xpath, value=//p[@class=&apos;oxd-text oxd-text--p oxd-text--toast-message oxd-toast-content-text&apos;]}]
Capabilities {acceptInsecureCerts: false, browserName: chrome, browserVersion: 123.0.6312.107, chrome: {chromedriverVersion: 123.0.6312.122 (31f8248cdd9..., userDataDir: C:\Users\MEET~1.DHA\AppData...}, fedcm:accounts: true, goog:chromeOptions: {debuggerAddress: localhost:53399}, networkConnectionEnabled: false, pageLoadStrategy: normal, platformName: WINDOWS, proxy: Proxy(), se:cdp: ws://localhost:53399/devtoo..., se:cdpVersion: 123.0.6312.107, setWindowRect: true, strictFileInteractability: false, timeouts: {implicit: 0, pageLoad: 300000, script: 30000}, unhandledPromptBehavior: dismiss and notify, webauthn:extension:credBlob: true, webauthn:extension:largeBlob: true, webauthn:extension:minPinLength: true, webauthn:extension:prf: true, webauthn:virtualAuthenticators: true}
Session ID: 86b2c17a53a3c6612805fa0d1dac3c45
	at java.base/jdk.internal.reflect.DirectConstructorHandleAccessor.newInstance(DirectConstructorHandleAccessor.java:62)
	at java.base/java.lang.reflect.Constructor.newInstanceWithCaller(Constructor.java:502)
	at java.base/java.lang.reflect.Constructor.newInstance(Constructor.java:486)
	at org.openqa.selenium.remote.codec.w3c.W3CHttpResponseCodec.createException(W3CHttpResponseCodec.java:200)
	at org.openqa.selenium.remote.codec.w3c.W3CHttpResponseCodec.decode(W3CHttpResponseCodec.java:133)
	at org.openqa.selenium.remote.codec.w3c.W3CHttpResponseCodec.decode(W3CHttpResponseCodec.java:53)
	at org.openqa.selenium.remote.HttpCommandExecutor.execute(HttpCommandExecutor.java:193)
	at org.openqa.selenium.remote.service.DriverCommandExecutor.invokeExecute(DriverCommandExecutor.java:183)
	at org.openqa.selenium.remote.service.DriverCommandExecutor.execute(DriverCommandExecutor.java:158)
	at org.openqa.selenium.remote.RemoteWebDriver.execute(RemoteWebDriver.java:543)
	at org.openqa.selenium.remote.ElementLocation$ElementFinder$2.findElement(ElementLocation.java:162)
	at org.openqa.selenium.remote.ElementLocation.findElement(ElementLocation.java:60)
	at org.openqa.selenium.remote.RemoteWebDriver.findElement(RemoteWebDriver.java:352)
	at org.openqa.selenium.remote.RemoteWebDriver.findElement(RemoteWebDriver.java:344)
	at utilities.SeleniumMethods.getText(SeleniumMethods.java:85)
	at pageObjects.TimePageObjects.click_View(TimePageObjects.java:85)
	at stepDefinitions.TimePageSteps.clickOnViewButton1(TimePageSteps.java:90)
	at ✽.click on  the view button(file:///C:/Users/meet.dhameliya/Downloads/BDD_Framework-master/BDD_Framework-master/./features/4TimePage.feature:28)
</pre></div><a href='#' onClick='toggleBox("stack-trace1078027041", this, "Click to show all stack frames", "Click to hide stack frames")'>Click to show all stack frames</a>
<div class='stack-trace' id='stack-trace1078027041'><pre>org.openqa.selenium.NoSuchElementException: no such element: Unable to locate element: {&quot;method&quot;:&quot;xpath&quot;,&quot;selector&quot;:&quot;//p[@class=&apos;oxd-text oxd-text--p oxd-text--toast-message oxd-toast-content-text&apos;]&quot;}
  (Session info: chrome=123.0.6312.107)
For documentation on this error, please visit: https://selenium.dev/exceptions/#no_such_element
Build info: version: &apos;4.8.2&apos;, revision: &apos;826dbfc730&apos;
System info: os.name: &apos;Windows 10&apos;, os.arch: &apos;amd64&apos;, os.version: &apos;10.0&apos;, java.version: &apos;21.0.2&apos;
Driver info: org.openqa.selenium.chrome.ChromeDriver
Command: [86b2c17a53a3c6612805fa0d1dac3c45, findElement {using=xpath, value=//p[@class=&apos;oxd-text oxd-text--p oxd-text--toast-message oxd-toast-content-text&apos;]}]
Capabilities {acceptInsecureCerts: false, browserName: chrome, browserVersion: 123.0.6312.107, chrome: {chromedriverVersion: 123.0.6312.122 (31f8248cdd9..., userDataDir: C:\Users\MEET~1.DHA\AppData...}, fedcm:accounts: true, goog:chromeOptions: {debuggerAddress: localhost:53399}, networkConnectionEnabled: false, pageLoadStrategy: normal, platformName: WINDOWS, proxy: Proxy(), se:cdp: ws://localhost:53399/devtoo..., se:cdpVersion: 123.0.6312.107, setWindowRect: true, strictFileInteractability: false, timeouts: {implicit: 0, pageLoad: 300000, script: 30000}, unhandledPromptBehavior: dismiss and notify, webauthn:extension:credBlob: true, webauthn:extension:largeBlob: true, webauthn:extension:minPinLength: true, webauthn:extension:prf: true, webauthn:virtualAuthenticators: true}
Session ID: 86b2c17a53a3c6612805fa0d1dac3c45
	at java.base/jdk.internal.reflect.DirectConstructorHandleAccessor.newInstance(DirectConstructorHandleAccessor.java:62)
	at java.base/java.lang.reflect.Constructor.newInstanceWithCaller(Constructor.java:502)
	at java.base/java.lang.reflect.Constructor.newInstance(Constructor.java:486)
	at org.openqa.selenium.remote.codec.w3c.W3CHttpResponseCodec.createException(W3CHttpResponseCodec.java:200)
	at org.openqa.selenium.remote.codec.w3c.W3CHttpResponseCodec.decode(W3CHttpResponseCodec.java:133)
	at org.openqa.selenium.remote.codec.w3c.W3CHttpResponseCodec.decode(W3CHttpResponseCodec.java:53)
	at org.openqa.selenium.remote.HttpCommandExecutor.execute(HttpCommandExecutor.java:193)
	at org.openqa.selenium.remote.service.DriverCommandExecutor.invokeExecute(DriverCommandExecutor.java:183)
	at org.openqa.selenium.remote.service.DriverCommandExecutor.execute(DriverCommandExecutor.java:158)
	at org.openqa.selenium.remote.RemoteWebDriver.execute(RemoteWebDriver.java:543)
	at org.openqa.selenium.remote.ElementLocation$ElementFinder$2.findElement(ElementLocation.java:162)
	at org.openqa.selenium.remote.ElementLocation.findElement(ElementLocation.java:60)
	at org.openqa.selenium.remote.RemoteWebDriver.findElement(RemoteWebDriver.java:352)
	at org.openqa.selenium.remote.RemoteWebDriver.findElement(RemoteWebDriver.java:344)
	at utilities.SeleniumMethods.getText(SeleniumMethods.java:85)
	at pageObjects.TimePageObjects.click_View(TimePageObjects.java:85)
	at stepDefinitions.TimePageSteps.clickOnViewButton1(TimePageSteps.java:90)
	at ✽.click on  the view button(file:///C:/Users/meet.dhameliya/Downloads/BDD_Framework-master/BDD_Framework-master/./features/4TimePage.feature:28)
</pre></div></td>
<td>43</td>
<td>testRunner.TestngTestRunner@45ca843</td></tr>
<tr>
<td title='testRunner.TestngTestRunner.runScenario()'><b>runScenario</b><br>Test class: testRunner.TestngTestRunner<br>Test method: Runs Cucumber Scenarios<br>Parameters: "Entering invalid From date and To date", "Leave Page"</td>
<td><div><pre>org.openqa.selenium.NoSuchElementException: no such element: Unable to locate element: {&quot;method&quot;:&quot;xpath&quot;,&quot;selector&quot;:&quot;//p[@class=&apos;oxd-text oxd-text--p oxd-text--toast-message oxd-toast-content-text&apos;]&quot;}
  (Session info: chrome=123.0.6312.107)
For documentation on this error, please visit: https://selenium.dev/exceptions/#no_such_element
Build info: version: &apos;4.8.2&apos;, revision: &apos;826dbfc730&apos;
System info: os.name: &apos;Windows 10&apos;, os.arch: &apos;amd64&apos;, os.version: &apos;10.0&apos;, java.version: &apos;21.0.2&apos;
Driver info: org.openqa.selenium.chrome.ChromeDriver
Command: [3055283901f79c2a27accb473499b979, findElement {using=xpath, value=//p[@class=&apos;oxd-text oxd-text--p oxd-text--toast-message oxd-toast-content-text&apos;]}]
Capabilities {acceptInsecureCerts: false, browserName: chrome, browserVersion: 123.0.6312.107, chrome: {chromedriverVersion: 123.0.6312.122 (31f8248cdd9..., userDataDir: C:\Users\MEET~1.DHA\AppData...}, fedcm:accounts: true, goog:chromeOptions: {debuggerAddress: localhost:53257}, networkConnectionEnabled: false, pageLoadStrategy: normal, platformName: WINDOWS, proxy: Proxy(), se:cdp: ws://localhost:53257/devtoo..., se:cdpVersion: 123.0.6312.107, setWindowRect: true, strictFileInteractability: false, timeouts: {implicit: 0, pageLoad: 300000, script: 30000}, unhandledPromptBehavior: dismiss and notify, webauthn:extension:credBlob: true, webauthn:extension:largeBlob: true, webauthn:extension:minPinLength: true, webauthn:extension:prf: true, webauthn:virtualAuthenticators: true}
Session ID: 3055283901f79c2a27accb473499b979
	at java.base/jdk.internal.reflect.DirectConstructorHandleAccessor.newInstance(DirectConstructorHandleAccessor.java:62)
	at java.base/java.lang.reflect.Constructor.newInstanceWithCaller(Constructor.java:502)
	at java.base/java.lang.reflect.Constructor.newInstance(Constructor.java:486)
	at org.openqa.selenium.remote.codec.w3c.W3CHttpResponseCodec.createException(W3CHttpResponseCodec.java:200)
	at org.openqa.selenium.remote.codec.w3c.W3CHttpResponseCodec.decode(W3CHttpResponseCodec.java:133)
	at org.openqa.selenium.remote.codec.w3c.W3CHttpResponseCodec.decode(W3CHttpResponseCodec.java:53)
	at org.openqa.selenium.remote.HttpCommandExecutor.execute(HttpCommandExecutor.java:193)
	at org.openqa.selenium.remote.service.DriverCommandExecutor.invokeExecute(DriverCommandExecutor.java:183)
	at org.openqa.selenium.remote.service.DriverCommandExecutor.execute(DriverCommandExecutor.java:158)
	at org.openqa.selenium.remote.RemoteWebDriver.execute(RemoteWebDriver.java:543)
	at org.openqa.selenium.remote.ElementLocation$ElementFinder$2.findElement(ElementLocation.java:162)
	at org.openqa.selenium.remote.ElementLocation.findElement(ElementLocation.java:60)
	at org.openqa.selenium.remote.RemoteWebDriver.findElement(RemoteWebDriver.java:352)
	at org.openqa.selenium.remote.RemoteWebDriver.findElement(RemoteWebDriver.java:344)
	at utilities.SeleniumMethods.getText(SeleniumMethods.java:85)
	at pageObjects.LeavePageObjects.click_Search(LeavePageObjects.java:119)
	at stepDefinitions.LeavePageSteps.i_should_see_an_error_message(LeavePageSteps.java:101)
	at ✽.I should see an error message(file:///C:/Users/meet.dhameliya/Downloads/BDD_Framework-master/BDD_Framework-master/./features/2LeavePage.feature:33)
</pre></div><a href='#' onClick='toggleBox("stack-trace330472244", this, "Click to show all stack frames", "Click to hide stack frames")'>Click to show all stack frames</a>
<div class='stack-trace' id='stack-trace330472244'><pre>org.openqa.selenium.NoSuchElementException: no such element: Unable to locate element: {&quot;method&quot;:&quot;xpath&quot;,&quot;selector&quot;:&quot;//p[@class=&apos;oxd-text oxd-text--p oxd-text--toast-message oxd-toast-content-text&apos;]&quot;}
  (Session info: chrome=123.0.6312.107)
For documentation on this error, please visit: https://selenium.dev/exceptions/#no_such_element
Build info: version: &apos;4.8.2&apos;, revision: &apos;826dbfc730&apos;
System info: os.name: &apos;Windows 10&apos;, os.arch: &apos;amd64&apos;, os.version: &apos;10.0&apos;, java.version: &apos;21.0.2&apos;
Driver info: org.openqa.selenium.chrome.ChromeDriver
Command: [3055283901f79c2a27accb473499b979, findElement {using=xpath, value=//p[@class=&apos;oxd-text oxd-text--p oxd-text--toast-message oxd-toast-content-text&apos;]}]
Capabilities {acceptInsecureCerts: false, browserName: chrome, browserVersion: 123.0.6312.107, chrome: {chromedriverVersion: 123.0.6312.122 (31f8248cdd9..., userDataDir: C:\Users\MEET~1.DHA\AppData...}, fedcm:accounts: true, goog:chromeOptions: {debuggerAddress: localhost:53257}, networkConnectionEnabled: false, pageLoadStrategy: normal, platformName: WINDOWS, proxy: Proxy(), se:cdp: ws://localhost:53257/devtoo..., se:cdpVersion: 123.0.6312.107, setWindowRect: true, strictFileInteractability: false, timeouts: {implicit: 0, pageLoad: 300000, script: 30000}, unhandledPromptBehavior: dismiss and notify, webauthn:extension:credBlob: true, webauthn:extension:largeBlob: true, webauthn:extension:minPinLength: true, webauthn:extension:prf: true, webauthn:virtualAuthenticators: true}
Session ID: 3055283901f79c2a27accb473499b979
	at java.base/jdk.internal.reflect.DirectConstructorHandleAccessor.newInstance(DirectConstructorHandleAccessor.java:62)
	at java.base/java.lang.reflect.Constructor.newInstanceWithCaller(Constructor.java:502)
	at java.base/java.lang.reflect.Constructor.newInstance(Constructor.java:486)
	at org.openqa.selenium.remote.codec.w3c.W3CHttpResponseCodec.createException(W3CHttpResponseCodec.java:200)
	at org.openqa.selenium.remote.codec.w3c.W3CHttpResponseCodec.decode(W3CHttpResponseCodec.java:133)
	at org.openqa.selenium.remote.codec.w3c.W3CHttpResponseCodec.decode(W3CHttpResponseCodec.java:53)
	at org.openqa.selenium.remote.HttpCommandExecutor.execute(HttpCommandExecutor.java:193)
	at org.openqa.selenium.remote.service.DriverCommandExecutor.invokeExecute(DriverCommandExecutor.java:183)
	at org.openqa.selenium.remote.service.DriverCommandExecutor.execute(DriverCommandExecutor.java:158)
	at org.openqa.selenium.remote.RemoteWebDriver.execute(RemoteWebDriver.java:543)
	at org.openqa.selenium.remote.ElementLocation$ElementFinder$2.findElement(ElementLocation.java:162)
	at org.openqa.selenium.remote.ElementLocation.findElement(ElementLocation.java:60)
	at org.openqa.selenium.remote.RemoteWebDriver.findElement(RemoteWebDriver.java:352)
	at org.openqa.selenium.remote.RemoteWebDriver.findElement(RemoteWebDriver.java:344)
	at utilities.SeleniumMethods.getText(SeleniumMethods.java:85)
	at pageObjects.LeavePageObjects.click_Search(LeavePageObjects.java:119)
	at stepDefinitions.LeavePageSteps.i_should_see_an_error_message(LeavePageSteps.java:101)
	at ✽.I should see an error message(file:///C:/Users/meet.dhameliya/Downloads/BDD_Framework-master/BDD_Framework-master/./features/2LeavePage.feature:33)
</pre></div></td>
<td>38</td>
<td>testRunner.TestngTestRunner@45ca843</td></tr>
<tr>
<td title='testRunner.TestngTestRunner.runScenario()'><b>runScenario</b><br>Test class: testRunner.TestngTestRunner<br>Test method: Runs Cucumber Scenarios<br>Parameters: "User wants to see timesheet of the employee", "Timesheet"</td>
<td><div><pre>org.openqa.selenium.NoSuchElementException: no such element: Unable to locate element: {&quot;method&quot;:&quot;xpath&quot;,&quot;selector&quot;:&quot;//p[@class=&apos;oxd-text oxd-text--p oxd-text--toast-message oxd-toast-content-text&apos;]&quot;}
  (Session info: chrome=123.0.6312.107)
For documentation on this error, please visit: https://selenium.dev/exceptions/#no_such_element
Build info: version: &apos;4.8.2&apos;, revision: &apos;826dbfc730&apos;
System info: os.name: &apos;Windows 10&apos;, os.arch: &apos;amd64&apos;, os.version: &apos;10.0&apos;, java.version: &apos;21.0.2&apos;
Driver info: org.openqa.selenium.chrome.ChromeDriver
Command: [d180188736a58a2d7416fd0152b922e0, findElement {using=xpath, value=//p[@class=&apos;oxd-text oxd-text--p oxd-text--toast-message oxd-toast-content-text&apos;]}]
Capabilities {acceptInsecureCerts: false, browserName: chrome, browserVersion: 123.0.6312.107, chrome: {chromedriverVersion: 123.0.6312.122 (31f8248cdd9..., userDataDir: C:\Users\MEET~1.DHA\AppData...}, fedcm:accounts: true, goog:chromeOptions: {debuggerAddress: localhost:53351}, networkConnectionEnabled: false, pageLoadStrategy: normal, platformName: WINDOWS, proxy: Proxy(), se:cdp: ws://localhost:53351/devtoo..., se:cdpVersion: 123.0.6312.107, setWindowRect: true, strictFileInteractability: false, timeouts: {implicit: 0, pageLoad: 300000, script: 30000}, unhandledPromptBehavior: dismiss and notify, webauthn:extension:credBlob: true, webauthn:extension:largeBlob: true, webauthn:extension:minPinLength: true, webauthn:extension:prf: true, webauthn:virtualAuthenticators: true}
Session ID: d180188736a58a2d7416fd0152b922e0
	at java.base/jdk.internal.reflect.DirectConstructorHandleAccessor.newInstance(DirectConstructorHandleAccessor.java:62)
	at java.base/java.lang.reflect.Constructor.newInstanceWithCaller(Constructor.java:502)
	at java.base/java.lang.reflect.Constructor.newInstance(Constructor.java:486)
	at org.openqa.selenium.remote.codec.w3c.W3CHttpResponseCodec.createException(W3CHttpResponseCodec.java:200)
	at org.openqa.selenium.remote.codec.w3c.W3CHttpResponseCodec.decode(W3CHttpResponseCodec.java:133)
	at org.openqa.selenium.remote.codec.w3c.W3CHttpResponseCodec.decode(W3CHttpResponseCodec.java:53)
	at org.openqa.selenium.remote.HttpCommandExecutor.execute(HttpCommandExecutor.java:193)
	at org.openqa.selenium.remote.service.DriverCommandExecutor.invokeExecute(DriverCommandExecutor.java:183)
	at org.openqa.selenium.remote.service.DriverCommandExecutor.execute(DriverCommandExecutor.java:158)
	at org.openqa.selenium.remote.RemoteWebDriver.execute(RemoteWebDriver.java:543)
	at org.openqa.selenium.remote.ElementLocation$ElementFinder$2.findElement(ElementLocation.java:162)
	at org.openqa.selenium.remote.ElementLocation.findElement(ElementLocation.java:60)
	at org.openqa.selenium.remote.RemoteWebDriver.findElement(RemoteWebDriver.java:352)
	at org.openqa.selenium.remote.RemoteWebDriver.findElement(RemoteWebDriver.java:344)
	at utilities.SeleniumMethods.getText(SeleniumMethods.java:85)
	at pageObjects.TimePageObjects.click_View(TimePageObjects.java:85)
	at stepDefinitions.TimePageSteps.clicksOnView(TimePageSteps.java:44)
	at ✽.click on view(file:///C:/Users/meet.dhameliya/Downloads/BDD_Framework-master/BDD_Framework-master/./features/4TimePage.feature:15)
</pre></div><a href='#' onClick='toggleBox("stack-trace1215157782", this, "Click to show all stack frames", "Click to hide stack frames")'>Click to show all stack frames</a>
<div class='stack-trace' id='stack-trace1215157782'><pre>org.openqa.selenium.NoSuchElementException: no such element: Unable to locate element: {&quot;method&quot;:&quot;xpath&quot;,&quot;selector&quot;:&quot;//p[@class=&apos;oxd-text oxd-text--p oxd-text--toast-message oxd-toast-content-text&apos;]&quot;}
  (Session info: chrome=123.0.6312.107)
For documentation on this error, please visit: https://selenium.dev/exceptions/#no_such_element
Build info: version: &apos;4.8.2&apos;, revision: &apos;826dbfc730&apos;
System info: os.name: &apos;Windows 10&apos;, os.arch: &apos;amd64&apos;, os.version: &apos;10.0&apos;, java.version: &apos;21.0.2&apos;
Driver info: org.openqa.selenium.chrome.ChromeDriver
Command: [d180188736a58a2d7416fd0152b922e0, findElement {using=xpath, value=//p[@class=&apos;oxd-text oxd-text--p oxd-text--toast-message oxd-toast-content-text&apos;]}]
Capabilities {acceptInsecureCerts: false, browserName: chrome, browserVersion: 123.0.6312.107, chrome: {chromedriverVersion: 123.0.6312.122 (31f8248cdd9..., userDataDir: C:\Users\MEET~1.DHA\AppData...}, fedcm:accounts: true, goog:chromeOptions: {debuggerAddress: localhost:53351}, networkConnectionEnabled: false, pageLoadStrategy: normal, platformName: WINDOWS, proxy: Proxy(), se:cdp: ws://localhost:53351/devtoo..., se:cdpVersion: 123.0.6312.107, setWindowRect: true, strictFileInteractability: false, timeouts: {implicit: 0, pageLoad: 300000, script: 30000}, unhandledPromptBehavior: dismiss and notify, webauthn:extension:credBlob: true, webauthn:extension:largeBlob: true, webauthn:extension:minPinLength: true, webauthn:extension:prf: true, webauthn:virtualAuthenticators: true}
Session ID: d180188736a58a2d7416fd0152b922e0
	at java.base/jdk.internal.reflect.DirectConstructorHandleAccessor.newInstance(DirectConstructorHandleAccessor.java:62)
	at java.base/java.lang.reflect.Constructor.newInstanceWithCaller(Constructor.java:502)
	at java.base/java.lang.reflect.Constructor.newInstance(Constructor.java:486)
	at org.openqa.selenium.remote.codec.w3c.W3CHttpResponseCodec.createException(W3CHttpResponseCodec.java:200)
	at org.openqa.selenium.remote.codec.w3c.W3CHttpResponseCodec.decode(W3CHttpResponseCodec.java:133)
	at org.openqa.selenium.remote.codec.w3c.W3CHttpResponseCodec.decode(W3CHttpResponseCodec.java:53)
	at org.openqa.selenium.remote.HttpCommandExecutor.execute(HttpCommandExecutor.java:193)
	at org.openqa.selenium.remote.service.DriverCommandExecutor.invokeExecute(DriverCommandExecutor.java:183)
	at org.openqa.selenium.remote.service.DriverCommandExecutor.execute(DriverCommandExecutor.java:158)
	at org.openqa.selenium.remote.RemoteWebDriver.execute(RemoteWebDriver.java:543)
	at org.openqa.selenium.remote.ElementLocation$ElementFinder$2.findElement(ElementLocation.java:162)
	at org.openqa.selenium.remote.ElementLocation.findElement(ElementLocation.java:60)
	at org.openqa.selenium.remote.RemoteWebDriver.findElement(RemoteWebDriver.java:352)
	at org.openqa.selenium.remote.RemoteWebDriver.findElement(RemoteWebDriver.java:344)
	at utilities.SeleniumMethods.getText(SeleniumMethods.java:85)
	at pageObjects.TimePageObjects.click_View(TimePageObjects.java:85)
	at stepDefinitions.TimePageSteps.clicksOnView(TimePageSteps.java:44)
	at ✽.click on view(file:///C:/Users/meet.dhameliya/Downloads/BDD_Framework-master/BDD_Framework-master/./features/4TimePage.feature:15)
</pre></div></td>
<td>54</td>
<td>testRunner.TestngTestRunner@45ca843</td></tr>
</table><p>
<table width='100%' border='1' class='invocation-passed'>
<tr><td colspan='4' align='center'><b>PASSED TESTS</b></td></tr>
<tr><td><b>Test method</b></td>
<td><b>Attribute(s)</b></td>
<td width="30%"><b>Exception</b></td>
<td width="10%"><b>Time (seconds)</b></td>
<td><b>Instance</b></td>
</tr>
<tr>
<td title='testRunner.TestngTestRunner.runScenario()'><b>runScenario</b><br>Test class: testRunner.TestngTestRunner<br>Test method: Runs Cucumber Scenarios<br>Parameters: "Entering valid From date and To date", "Leave Page"</td>
<td></td>
<td>35</td>
<td>testRunner.TestngTestRunner@45ca843</td></tr>
<tr>
<td title='testRunner.TestngTestRunner.runScenario()'><b>runScenario</b><br>Test class: testRunner.TestngTestRunner<br>Test method: Runs Cucumber Scenarios<br>Parameters: "Entering valid From date and To date", "Leave Page"</td>
<td></td>
<td>27</td>
<td>testRunner.TestngTestRunner@45ca843</td></tr>
<tr>
<td title='testRunner.TestngTestRunner.runScenario()'><b>runScenario</b><br>Test class: testRunner.TestngTestRunner<br>Test method: Runs Cucumber Scenarios<br>Parameters: "Search leave list records with out enter name", "Leave List"</td>
<td></td>
<td>15</td>
<td>testRunner.TestngTestRunner@45ca843</td></tr>
<tr>
<td title='testRunner.TestngTestRunner.runScenario()'><b>runScenario</b><br>Test class: testRunner.TestngTestRunner<br>Test method: Runs Cucumber Scenarios<br>Parameters: "User login with invalid username and password", "Login into portal"</td>
<td></td>
<td>13</td>
<td>testRunner.TestngTestRunner@45ca843</td></tr>
<tr>
<td title='testRunner.TestngTestRunner.runScenario()'><b>runScenario</b><br>Test class: testRunner.TestngTestRunner<br>Test method: Runs Cucumber Scenarios<br>Parameters: "User login with valid username and password", "Login into portal"</td>
<td></td>
<td>8</td>
<td>testRunner.TestngTestRunner@45ca843</td></tr>
<tr>
<td title='testRunner.TestngTestRunner.runScenario()'><b>runScenario</b><br>Test class: testRunner.TestngTestRunner<br>Test method: Runs Cucumber Scenarios<br>Parameters: "Entering valid From date and To date", "Leave Page"</td>
<td></td>
<td>21</td>
<td>testRunner.TestngTestRunner@45ca843</td></tr>
<tr>
<td title='testRunner.TestngTestRunner.runScenario()'><b>runScenario</b><br>Test class: testRunner.TestngTestRunner<br>Test method: Runs Cucumber Scenarios<br>Parameters: "User want to edit customer records from project info", "Timesheet"</td>
<td></td>
<td>30</td>
<td>testRunner.TestngTestRunner@45ca843</td></tr>
<tr>
<td title='testRunner.TestngTestRunner.runScenario()'><b>runScenario</b><br>Test class: testRunner.TestngTestRunner<br>Test method: Runs Cucumber Scenarios<br>Parameters: "Search Leave", "Leave Page"</td>
<td></td>
<td>18</td>
<td>testRunner.TestngTestRunner@45ca843</td></tr>
<tr>
<td title='testRunner.TestngTestRunner.runScenario()'><b>runScenario</b><br>Test class: testRunner.TestngTestRunner<br>Test method: Runs Cucumber Scenarios<br>Parameters: "Show Leave with Status is not Selected", "Leave Page"</td>
<td></td>
<td>22</td>
<td>testRunner.TestngTestRunner@45ca843</td></tr>
<tr>
<td title='testRunner.TestngTestRunner.runScenario()'><b>runScenario</b><br>Test class: testRunner.TestngTestRunner<br>Test method: Runs Cucumber Scenarios<br>Parameters: "Search leave list records", "Leave List"</td>
<td></td>
<td>17</td>
<td>testRunner.TestngTestRunner@45ca843</td></tr>
<tr>
<td title='testRunner.TestngTestRunner.runScenario()'><b>runScenario</b><br>Test class: testRunner.TestngTestRunner<br>Test method: Runs Cucumber Scenarios<br>Parameters: "User want to see project reports", "Timesheet"</td>
<td></td>
<td>26</td>
<td>testRunner.TestngTestRunner@45ca843</td></tr>
</table><p>
</body>
</html>