<?xml version="1.0" encoding="UTF-8"?>
<!-- Generated by org.testng.reporters.JUnitXMLReporter -->
<testsuite ignored="0" hostname="DESKTOP-LQ36VU4" failures="1" tests="2" name="ParallelTest" time="34.069" errors="0" timestamp="2024-03-05T12:34:20 IST">
  <testcase classname="io.cucumber.testng.AbstractTestNGCucumberTests" name="runScenario" time="18.293"/>
  <testcase classname="io.cucumber.testng.AbstractTestNGCucumberTests" name="runScenario" time="14.352">
    <failure type="java.lang.AssertionError" message="did not match expected [Required] but found [Should be a valid date in yyyy-dd-mm format]">
      <![CDATA[java.lang.AssertionError: did not match expected [Required] but found [Should be a valid date in yyyy-dd-mm format]
at pageObjects.LeavePageObjects.assertionForDate(LeavePageObjects.java:95)
at stepDefinitions.LeavePageSteps.i_should_see_an_error_message(LeavePageSteps.java:95)
at âœ½.I should see an error message(file:///C:/Users/meet.dhameliya/Downloads/BDD_Framework-master/BDD_Framework-master/./features/2LeavePage.feature:33)
... Removed 5 stack frames]]>
    </failure>
  </testcase> <!-- runScenario -->
</testsuite> <!-- ParallelTest -->
